{
  "RSpec": {
    "coverage": {
      "/Users/AnnFlismark/Craft_Academy/rails_demo/app/helpers/application_helper.rb": [
        1,
        null
      ],
      "/Users/AnnFlismark/Craft_Academy/rails_demo/app/models/article.rb": [
        1,
        1,
        null,
        null
      ],
      "/Users/AnnFlismark/Craft_Academy/rails_demo/app/models/application_record.rb": [
        1,
        1,
        null
      ],
      "/Users/AnnFlismark/Craft_Academy/rails_demo/app/controllers/application_controller.rb": [
        1,
        null
      ],
      "/Users/AnnFlismark/Craft_Academy/rails_demo/app/controllers/articles_controller.rb": [
        1,
        1,
        6,
        null,
        null,
        1,
        0,
        null,
        null,
        1,
        6,
        null,
        null,
        1,
        6,
        null,
        6,
        0,
        null,
        6,
        null,
        null,
        null,
        1,
        0,
        null,
        null,
        1,
        0,
        null,
        0,
        0,
        null,
        0,
        null,
        null,
        null,
        1,
        null,
        1,
        6,
        null,
        null
      ],
      "/Users/AnnFlismark/Craft_Academy/rails_demo/app/mailers/application_mailer.rb": [
        0,
        0,
        0,
        0
      ],
      "/Users/AnnFlismark/Craft_Academy/rails_demo/app/jobs/application_job.rb": [
        0,
        null,
        null,
        null,
        null,
        null,
        0
      ],
      "/Users/AnnFlismark/Craft_Academy/rails_demo/app/channels/application_cable/connection.rb": [
        0,
        0,
        0,
        0
      ],
      "/Users/AnnFlismark/Craft_Academy/rails_demo/app/channels/application_cable/channel.rb": [
        0,
        0,
        0,
        0
      ]
    },
    "timestamp": 1605361126
  }
}
